<?xml version="1.0" encoding="UTF-8"?>
<!-- Generated by org.testng.reporters.JUnitXMLReporter -->
<testsuite hostname="DESKTOP-0I01A8Q" name="Command line test" tests="4" failures="0" timestamp="22 Sep 2017 15:51:34 GMT" time="0.018" errors="0">
  <testcase name="firstGroup" time="0.001" classname="FirstTestNGExample.GroupTest"/>
  <testcase name="secondGroup" time="0.0" classname="FirstTestNGExample.GroupTest"/>
  <testcase name="firstTest" time="0.0" classname="FirstTestNGExample.TestNGDemo"/>
  <testcase name="secondTest" time="0.001" classname="FirstTestNGExample.TestNGDemo"/>
</testsuite> <!-- Command line test -->
