<?xml version="1.0" encoding="UTF-8"?>
<!-- Generated by org.testng.reporters.JUnitXMLReporter -->
<testsuite hostname="DESKTOP-0I01A8Q" name="testinTesting" tests="4" failures="0" timestamp="22 Sep 2017 18:11:12 GMT" time="1.027" errors="0">
  <testcase name="secondTest" time="1.006" classname="FirstTestNGExample.SecondDemo"/>
  <testcase name="firstTest" time="0.0" classname="FirstTestNGExample.SecondDemo"/>
  <testcase name="secondTest" time="0.0" classname="FirstTestNGExample.TestNGDemo"/>
  <testcase name="firstTest" time="0.001" classname="FirstTestNGExample.TestNGDemo"/>
</testsuite> <!-- testinTesting -->
