<?xml version="1.0" encoding="UTF-8"?>
<testng-results skipped="0" failed="0" total="4" passed="4">
  <reporter-output>
  </reporter-output>
  <suite name="Command line suite" duration-ms="18" started-at="2017-09-22T15:51:34Z" finished-at="2017-09-22T15:51:34Z">
    <groups>
      <group name="group2">
        <method signature="GroupTest.secondGroup()[pri:0, instance:FirstTestNGExample.GroupTest@7c75222b]" name="secondGroup" class="FirstTestNGExample.GroupTest"/>
      </group> <!-- group2 -->
      <group name="group1">
        <method signature="GroupTest.firstGroup()[pri:0, instance:FirstTestNGExample.GroupTest@7c75222b]" name="firstGroup" class="FirstTestNGExample.GroupTest"/>
      </group> <!-- group1 -->
    </groups>
    <test name="Command line test" duration-ms="18" started-at="2017-09-22T15:51:34Z" finished-at="2017-09-22T15:51:34Z">
      <class name="FirstTestNGExample.GroupTest">
        <test-method status="PASS" signature="firstGroup()[pri:0, instance:FirstTestNGExample.GroupTest@7c75222b]" name="firstGroup" duration-ms="1" started-at="2017-09-22T11:51:34Z" finished-at="2017-09-22T11:51:34Z">
          <reporter-output>
          </reporter-output>
        </test-method> <!-- firstGroup -->
        <test-method status="PASS" signature="secondGroup()[pri:0, instance:FirstTestNGExample.GroupTest@7c75222b]" name="secondGroup" duration-ms="0" started-at="2017-09-22T11:51:34Z" finished-at="2017-09-22T11:51:34Z">
          <reporter-output>
          </reporter-output>
        </test-method> <!-- secondGroup -->
      </class> <!-- FirstTestNGExample.GroupTest -->
      <class name="FirstTestNGExample.TestNGDemo">
        <test-method status="PASS" signature="beforeTest()[pri:0, instance:FirstTestNGExample.TestNGDemo@34ce8af7]" name="beforeTest" is-config="true" duration-ms="5" started-at="2017-09-22T11:51:34Z" finished-at="2017-09-22T11:51:34Z">
          <reporter-output>
          </reporter-output>
        </test-method> <!-- beforeTest -->
        <test-method status="PASS" signature="beforeMethod()[pri:0, instance:FirstTestNGExample.TestNGDemo@34ce8af7]" name="beforeMethod" is-config="true" duration-ms="0" started-at="2017-09-22T11:51:34Z" finished-at="2017-09-22T11:51:34Z">
          <reporter-output>
          </reporter-output>
        </test-method> <!-- beforeMethod -->
        <test-method status="PASS" signature="firstTest()[pri:0, instance:FirstTestNGExample.TestNGDemo@34ce8af7]" name="firstTest" duration-ms="0" started-at="2017-09-22T11:51:34Z" finished-at="2017-09-22T11:51:34Z">
          <reporter-output>
          </reporter-output>
        </test-method> <!-- firstTest -->
        <test-method status="PASS" signature="beforeMethod()[pri:0, instance:FirstTestNGExample.TestNGDemo@34ce8af7]" name="beforeMethod" is-config="true" duration-ms="1" started-at="2017-09-22T11:51:34Z" finished-at="2017-09-22T11:51:34Z">
          <reporter-output>
          </reporter-output>
        </test-method> <!-- beforeMethod -->
        <test-method status="PASS" signature="afterMethod()[pri:0, instance:FirstTestNGExample.TestNGDemo@34ce8af7]" name="afterMethod" is-config="true" duration-ms="0" started-at="2017-09-22T11:51:34Z" finished-at="2017-09-22T11:51:34Z">
          <reporter-output>
          </reporter-output>
        </test-method> <!-- afterMethod -->
        <test-method status="PASS" signature="secondTest()[pri:0, instance:FirstTestNGExample.TestNGDemo@34ce8af7]" name="secondTest" duration-ms="1" started-at="2017-09-22T11:51:34Z" finished-at="2017-09-22T11:51:34Z">
          <reporter-output>
          </reporter-output>
        </test-method> <!-- secondTest -->
        <test-method status="PASS" signature="afterMethod()[pri:0, instance:FirstTestNGExample.TestNGDemo@34ce8af7]" name="afterMethod" is-config="true" duration-ms="1" started-at="2017-09-22T11:51:34Z" finished-at="2017-09-22T11:51:34Z">
          <reporter-output>
          </reporter-output>
        </test-method> <!-- afterMethod -->
        <test-method status="PASS" signature="afterTest()[pri:0, instance:FirstTestNGExample.TestNGDemo@34ce8af7]" name="afterTest" is-config="true" duration-ms="1" started-at="2017-09-22T11:51:34Z" finished-at="2017-09-22T11:51:34Z">
          <reporter-output>
          </reporter-output>
        </test-method> <!-- afterTest -->
      </class> <!-- FirstTestNGExample.TestNGDemo -->
    </test> <!-- Command line test -->
  </suite> <!-- Command line suite -->
</testng-results>
